<?xml version="1.0" encoding="UTF-8"?>
<!-- Generated by org.testng.reporters.JUnitReportReporter -->
<testsuite hostname="Venkats-MacBook-Air.local" failures="0" tests="1" name="Module5.NewTest" time="0.002" errors="0" timestamp="2023-08-10T18:39:07 IST" skipped="0">
  <testcase classname="Module5.NewTest" name="f" time="0.002"/>
</testsuite> <!-- Module5.NewTest -->
