<?xml version="1.0" encoding="UTF-8"?>
<!-- Generated by org.testng.reporters.JUnitReportReporter -->
<testsuite hostname="Venkats-MacBook-Air.local" failures="0" tests="2" name="Module7.NewTest" time="10.687" errors="0" timestamp="2023-08-12T19:21:48 IST" skipped="0">
  <testcase classname="Module7.NewTest" name="verifyLogin" time="9.454"/>
  <testcase classname="Module7.NewTest" name="verifySearch" time="1.233"/>
</testsuite> <!-- Module7.NewTest -->
