<?xml version="1.0" encoding="UTF-8"?>
<!-- Generated by org.testng.reporters.JUnitReportReporter -->
<testsuite hostname="Venkats-MacBook-Air.local" failures="0" tests="2" name="Module4.testng_framework" time="3.093" errors="0" timestamp="2023-08-10T18:45:48 IST" skipped="0">
  <testcase classname="Module4.testng_framework" name="searchHotelApp" time="1.530"/>
  <testcase classname="Module4.testng_framework" name="loginHotelApp" time="1.563"/>
</testsuite> <!-- Module4.testng_framework -->
