<?xml version="1.0" encoding="UTF-8"?>
<!-- Generated by org.testng.reporters.JUnitReportReporter -->
<testsuite hostname="Venkats-MacBook-Air.local" failures="0" tests="2" name="Module5.testng_framework" time="2.938" errors="0" timestamp="2023-08-10T18:39:07 IST" skipped="0">
  <testcase classname="Module5.testng_framework" name="searchHotelApp" time="1.536"/>
  <testcase classname="Module5.testng_framework" name="loginHotelApp" time="1.402"/>
</testsuite> <!-- Module5.testng_framework -->
