<?xml version="1.0" encoding="UTF-8"?>
<!-- Generated by org.testng.reporters.JUnitReportReporter -->
<testsuite hostname="Venkats-MacBook-Air.local" failures="0" tests="3" name="Module5.testng_alwaysrun_depedendsonmethod" time="0.035" errors="0" timestamp="2023-08-10T18:41:49 IST" skipped="0">
  <testcase classname="Module5.testng_alwaysrun_depedendsonmethod" name="loginTest" time="0.024"/>
  <testcase classname="Module5.testng_alwaysrun_depedendsonmethod" name="selectTest" time="0.007"/>
  <testcase classname="Module5.testng_alwaysrun_depedendsonmethod" name="searchTest" time="0.004"/>
</testsuite> <!-- Module5.testng_alwaysrun_depedendsonmethod -->
