<?xml version="1.0" encoding="UTF-8"?>
<!-- Generated by org.testng.reporters.JUnitReportReporter -->
<testsuite hostname="Venkats-MacBook-Air.local" failures="0" tests="3" name="Module4.understandTest" time="0.021" errors="0" timestamp="2023-08-10T18:45:48 IST" skipped="0">
  <testcase classname="Module4.understandTest" name="zxy" time="0.012"/>
  <testcase classname="Module4.understandTest" name="xyz" time="0.005"/>
  <testcase classname="Module4.understandTest" name="abc" time="0.004"/>
</testsuite> <!-- Module4.understandTest -->
